<?xml version="1.0" encoding="UTF-8"?>
<!-- Generated by org.testng.reporters.JUnitReportReporter -->
<testsuite hostname="Dell-PC" name="com.qa.testcases.FlightFinderTest" tests="1" failures="0" timestamp="15 Jun 2019 18:28:01 GMT" time="14.201" errors="0">
  <testcase name="FlightFinderpagetest" time="14.201" classname="com.qa.testcases.FlightFinderTest"/>
</testsuite> <!-- com.qa.testcases.FlightFinderTest -->
