<?xml version="1.0" encoding="UTF-8"?>
<!-- Generated by org.testng.reporters.JUnitReportReporter -->
<testsuite hostname="Dell-PC" name="com.qa.testcases.LoginpageTest" tests="1" failures="0" timestamp="15 Jun 2019 18:35:18 GMT" time="13.228" errors="0">
  <testcase name="loginpagetest" time="13.228" classname="com.qa.testcases.LoginpageTest"/>
</testsuite> <!-- com.qa.testcases.LoginpageTest -->
